0 info it worked if it ends with ok
1 verbose cli [
1 verbose cli   '/usr/local/Cellar/node@12/12.16.3/bin/node',
1 verbose cli   '/usr/local/opt/node@12/bin/npm',
1 verbose cli   'run',
1 verbose cli   'build'
1 verbose cli ]
2 info using npm@6.14.4
3 info using node@v12.16.3
4 verbose run-script [ 'prebuild', 'build', 'postbuild' ]
5 info lifecycle todo-app@0.1.0~prebuild: todo-app@0.1.0
6 info lifecycle todo-app@0.1.0~build: todo-app@0.1.0
7 verbose lifecycle todo-app@0.1.0~build: unsafe-perm in lifecycle true
8 verbose lifecycle todo-app@0.1.0~build: PATH: /usr/local/Cellar/node@12/12.16.3/lib/node_modules/npm/node_modules/npm-lifecycle/node-gyp-bin:/Users/jagdeep/projects/vue/todo-app/node_modules/.bin:/Users/jagdeep/.serverless/bin:/usr/local/opt/node@12/bin:/Users/jagdeep/dev_tools/gradle-6.5.1/bin/:/Library/Frameworks/Python.framework/Versions/3.8/bin:/usr/local/bin:/usr/bin:/bin:/usr/sbin:/sbin:/Applications/VMware Fusion.app/Contents/Public:/opt/X11/bin:/Applications/MySQLWorkbench.app/Contents/MacOS:/Users/jagdeep/dev_tools/apache-maven-3.6.3/bin:/Users/jagdeep/projects/datadentity
9 verbose lifecycle todo-app@0.1.0~build: CWD: /Users/jagdeep/projects/vue/todo-app
10 silly lifecycle todo-app@0.1.0~build: Args: [ '-c', 'vue-cli-service build' ]
11 silly lifecycle todo-app@0.1.0~build: Returned: code: 1  signal: null
12 info lifecycle todo-app@0.1.0~build: Failed to exec build script
13 verbose stack Error: todo-app@0.1.0 build: `vue-cli-service build`
13 verbose stack Exit status 1
13 verbose stack     at EventEmitter.<anonymous> (/usr/local/Cellar/node@12/12.16.3/lib/node_modules/npm/node_modules/npm-lifecycle/index.js:332:16)
13 verbose stack     at EventEmitter.emit (events.js:310:20)
13 verbose stack     at ChildProcess.<anonymous> (/usr/local/Cellar/node@12/12.16.3/lib/node_modules/npm/node_modules/npm-lifecycle/lib/spawn.js:55:14)
13 verbose stack     at ChildProcess.emit (events.js:310:20)
13 verbose stack     at maybeClose (internal/child_process.js:1021:16)
13 verbose stack     at Process.ChildProcess._handle.onexit (internal/child_process.js:286:5)
14 verbose pkgid todo-app@0.1.0
15 verbose cwd /Users/jagdeep/projects/vue/todo-app
16 verbose Darwin 20.5.0
17 verbose argv "/usr/local/Cellar/node@12/12.16.3/bin/node" "/usr/local/opt/node@12/bin/npm" "run" "build"
18 verbose node v12.16.3
19 verbose npm  v6.14.4
20 error code ELIFECYCLE
21 error errno 1
22 error todo-app@0.1.0 build: `vue-cli-service build`
22 error Exit status 1
23 error Failed at the todo-app@0.1.0 build script.
23 error This is probably not a problem with npm. There is likely additional logging output above.
24 verbose exit [ 1, true ]
